<?xml version="1.0" encoding="UTF-8"?>
<!-- Generated by org.testng.reporters.JUnitReportReporter -->
<testsuite hostname="LAPTOP-63KR7F7I" failures="0" tests="2" name="edureka.ParallelTesting" time="12.891" errors="0" timestamp="2024-12-09T11:44:41 IST" skipped="0">
  <testcase classname="edureka.ParallelTesting" name="bing" time="6.446"/>
  <system-out/>
  <testcase classname="edureka.ParallelTesting" name="google" time="6.445"/>
  <system-out/>
</testsuite> <!-- edureka.ParallelTesting -->
