<?xml version="1.0" encoding="UTF-8"?>
<!-- Generated by org.testng.reporters.JUnitReportReporter -->
<testsuite hostname="LAPTOP-63KR7F7I" failures="0" tests="6" name="edureka.NewWebPage" time="4.515" errors="0" timestamp="2024-12-16T19:47:51 IST" skipped="0">
  <testcase classname="edureka.NewWebPage" name="downloadLink" time="2.971"/>
  <system-out/>
  <testcase classname="edureka.NewWebPage" name="samename" time="0.832"/>
  <system-out/>
  <testcase classname="edureka.NewWebPage" name="selectDropdown" time="0.233"/>
  <system-out/>
  <testcase classname="edureka.NewWebPage" name="webSite" time="0.112"/>
  <system-out/>
  <testcase classname="edureka.NewWebPage" name="checkbox" time="0.255"/>
  <system-out/>
  <testcase classname="edureka.NewWebPage" name="getPage" time="0.112"/>
  <system-out/>
</testsuite> <!-- edureka.NewWebPage -->
