<?xml version="1.0" encoding="UTF-8"?>
<!-- Generated by org.testng.reporters.JUnitReportReporter -->
<testsuite hostname="LAPTOP-63KR7F7I" failures="0" tests="1" name="pageObjectModel.POMWithoutFindElement" time="5.715" errors="0" timestamp="2024-12-11T13:50:08 IST" skipped="0">
  <testcase classname="pageObjectModel.POMWithoutFindElement" name="pageOpen" time="5.715"/>
  <system-out/>
</testsuite> <!-- pageObjectModel.POMWithoutFindElement -->
