<?xml version="1.0" encoding="UTF-8"?>
<!-- Generated by org.testng.reporters.JUnitReportReporter -->
<testsuite hostname="LAPTOP-63KR7F7I" failures="0" tests="1" name="dataDrivenExamples.TestCase3" time="5.994" errors="0" timestamp="2024-12-09T21:43:15 IST" skipped="0">
  <testcase classname="dataDrivenExamples.TestCase3" name="passwordValid" time="5.994"/>
  <system-out/>
</testsuite> <!-- dataDrivenExamples.TestCase3 -->
