<?xml version="1.0" encoding="UTF-8"?>
<!-- Generated by org.testng.reporters.JUnitReportReporter -->
<testsuite hostname="LAPTOP-63KR7F7I" failures="0" tests="1" name="edureka.Google" time="7.613" errors="0" timestamp="2024-12-04T10:56:58 IST" skipped="0">
  <testcase classname="edureka.Google" name="google" time="7.613"/>
  <system-out/>
</testsuite> <!-- edureka.Google -->
