<?xml version="1.0" encoding="UTF-8"?>
<!-- Generated by org.testng.reporters.JUnitReportReporter -->
<testsuite hostname="LAPTOP-63KR7F7I" failures="0" tests="4" name="dataDrivenExamples.Login" time="13.706" errors="0" timestamp="2024-12-10T19:20:00 IST" skipped="0">
  <testcase classname="dataDrivenExamples.Login" name="bothValid" time="5.934"/>
  <system-out/>
  <testcase classname="dataDrivenExamples.Login" name="bothValid" time="2.688"/>
  <system-out/>
  <testcase classname="dataDrivenExamples.Login" name="bothValid" time="2.057"/>
  <system-out/>
  <testcase classname="dataDrivenExamples.Login" name="bothValid" time="3.027"/>
  <system-out/>
</testsuite> <!-- dataDrivenExamples.Login -->
