<?xml version="1.0" encoding="UTF-8"?>
<!-- Generated by org.testng.reporters.JUnitReportReporter -->
<testsuite hostname="LAPTOP-63KR7F7I" failures="0" tests="2" name="edureka.DependsOnGroup" time="0.008" errors="0" timestamp="2024-12-04T19:04:13 IST" skipped="0">
  <testcase classname="edureka.DependsOnGroup" name="oppo2" time="0.002"/>
  <system-out/>
  <testcase classname="edureka.DependsOnGroup" name="oppo1" time="0.006"/>
  <system-out/>
</testsuite> <!-- edureka.DependsOnGroup -->
