<?xml version="1.0" encoding="UTF-8"?>
<!-- Generated by org.testng.reporters.JUnitReportReporter -->
<testsuite hostname="LAPTOP-63KR7F7I" failures="0" tests="3" name="extendReportExample.ExtendReportSample" time="3.689" errors="0" timestamp="2024-12-18T19:41:24 IST" skipped="0">
  <testcase classname="extendReportExample.ExtendReportSample" name="wikipedia" time="1.258"/>
  <system-out/>
  <testcase classname="extendReportExample.ExtendReportSample" name="google" time="1.932"/>
  <system-out/>
  <testcase classname="extendReportExample.ExtendReportSample" name="bing" time="0.499"/>
  <system-out/>
</testsuite> <!-- extendReportExample.ExtendReportSample -->
