<?xml version="1.0" encoding="UTF-8"?>
<!-- Generated by org.testng.reporters.JUnitReportReporter -->
<testsuite hostname="LAPTOP-63KR7F7I" failures="0" tests="1" name="pageObjectModel.RegisterPage" time="6.586" errors="0" timestamp="2024-12-11T12:41:24 IST" skipped="0">
  <testcase classname="pageObjectModel.RegisterPage" name="register" time="6.586"/>
  <system-out/>
</testsuite> <!-- pageObjectModel.RegisterPage -->
