<?xml version="1.0" encoding="UTF-8"?>
<!-- Generated by org.testng.reporters.JUnitReportReporter -->
<testsuite hostname="LAPTOP-63KR7F7I" failures="0" tests="1" name="dataDrivenExamples.TestCase1" time="7.007" errors="0" timestamp="2024-12-09T21:43:15 IST" skipped="0">
  <testcase classname="dataDrivenExamples.TestCase1" name="bothValid" time="7.007"/>
  <system-out/>
</testsuite> <!-- dataDrivenExamples.TestCase1 -->
