<?xml version="1.0" encoding="UTF-8"?>
<!-- Generated by org.testng.reporters.JUnitReportReporter -->
<testsuite hostname="LAPTOP-63KR7F7I" failures="0" tests="6" name="edureka.Dependencies" time="0.012" errors="0" timestamp="2024-12-04T15:03:19 IST" skipped="1">
  <testcase classname="edureka.Dependencies" name="gear3" time="0.001"/>
  <system-out/>
  <testcase classname="edureka.Dependencies" name="carStart" time="0.008"/>
  <system-out/>
  <testcase classname="edureka.Dependencies" name="gear1" time="0.001"/>
  <system-out/>
  <testcase classname="edureka.Dependencies" name="gear2" time="0.001"/>
  <system-out/>
  <testcase classname="edureka.Dependencies" name="playMusic" time="0.001"/>
  <system-out/>
  <testcase classname="edureka.Dependencies" name="stopCar">
    <skipped/>
  </testcase> <!-- stopCar -->
  <system-out/>
</testsuite> <!-- edureka.Dependencies -->
