<?xml version="1.0" encoding="UTF-8"?>
<!-- Generated by org.testng.reporters.JUnitReportReporter -->
<testsuite hostname="LAPTOP-63KR7F7I" failures="0" tests="1" name="edureka.URLOpenWithoutgetAndnavigate" time="5.662" errors="0" timestamp="2024-12-09T16:46:30 IST" skipped="0">
  <testcase classname="edureka.URLOpenWithoutgetAndnavigate" name="urlopen" time="5.662"/>
  <system-out/>
</testsuite> <!-- edureka.URLOpenWithoutgetAndnavigate -->
