<?xml version="1.0" encoding="UTF-8"?>
<!-- Generated by org.testng.reporters.JUnitReportReporter -->
<testsuite hostname="LAPTOP-63KR7F7I" failures="0" tests="1" name="edureka.WithoutFindElement" time="3.914" errors="0" timestamp="2024-12-04T10:56:58 IST" skipped="0">
  <testcase classname="edureka.WithoutFindElement" name="main" time="3.914"/>
  <system-out/>
</testsuite> <!-- edureka.WithoutFindElement -->
