<?xml version="1.0" encoding="UTF-8"?>
<!-- Generated by org.testng.reporters.JUnitReportReporter -->
<testsuite hostname="LAPTOP-63KR7F7I" failures="0" tests="4" name="dataDrivenExamples.TestLogin" time="5.567" errors="0" timestamp="2024-12-11T10:55:34 IST" skipped="0">
  <testcase classname="dataDrivenExamples.TestLogin" name="login" time="0.849"/>
  <system-out/>
  <testcase classname="dataDrivenExamples.TestLogin" name="login" time="0.849"/>
  <system-out/>
  <testcase classname="dataDrivenExamples.TestLogin" name="login" time="3.028"/>
  <system-out/>
  <testcase classname="dataDrivenExamples.TestLogin" name="login" time="0.841"/>
  <system-out/>
</testsuite> <!-- dataDrivenExamples.TestLogin -->
