<?xml version="1.0" encoding="UTF-8"?>
<!-- Generated by org.testng.reporters.JUnitReportReporter -->
<testsuite hostname="LAPTOP-63KR7F7I" failures="0" tests="1" name="edureka.Parameters" time="0.016" errors="0" timestamp="2024-12-04T18:50:13 IST" skipped="0">
  <testcase classname="edureka.Parameters" name="param" time="0.016"/>
  <system-out/>
</testsuite> <!-- edureka.Parameters -->
