<?xml version="1.0" encoding="UTF-8"?>
<!-- Generated by org.testng.reporters.JUnitReportReporter -->
<testsuite hostname="LAPTOP-63KR7F7I" failures="0" tests="1" name="dataDrivenExamples.DataDriverExample1" time="8.823" errors="0" timestamp="2024-12-09T20:42:20 IST" skipped="0">
  <testcase classname="dataDrivenExamples.DataDriverExample1" name="bothValid" time="8.823"/>
  <system-out/>
</testsuite> <!-- dataDrivenExamples.DataDriverExample1 -->
